<?xml version="1.0" encoding="UTF-8"?>
<testsuite xmlns:xsi="http://www.w3.org/2001/XMLSchema-instance" xsi:noNamespaceSchemaLocation="https://maven.apache.org/surefire/maven-surefire-plugin/xsd/surefire-test-report.xsd" version="3.0.1" name="com.example.AppTest" time="0.173" tests="2" errors="0" skipped="0" failures="0">
  <properties>
[...]
</properties>
  <testcase name="shouldAnswerWithTrue" classname="com.example.AppTest" time="0.046"/>
  <testcase name="testMain" classname="com.example.AppTest" time="0.08">
    <system-out><![CDATA[16:15:26.443 [main] INFO com.example.App - Hello World!
]]></system-out>
  </testcase>
</testsuite>